This file contains any messages produced by compilers while
running configure, to aid debugging if configure makes a mistake.

It was created by configure, which was
generated by GNU Autoconf 2.68.  Invocation command line was

  $ ./configure --prefix=/usr

## --------- ##
## Platform. ##
## --------- ##

hostname = localhost
uname -m = i686
uname -r = 3.3.7-1-ARCH
uname -s = Linux
uname -v = #1 SMP PREEMPT Mon May 21 22:39:59 UTC 2012

/usr/bin/uname -p = unknown
/bin/uname -X     = unknown

/bin/arch              = unknown
/usr/bin/arch -k       = unknown
/usr/convex/getsysinfo = unknown
/usr/bin/hostinfo      = unknown
/bin/machine           = unknown
/usr/bin/oslevel       = unknown
/bin/universe          = unknown

PATH: /home/gstorbeck/scripts
PATH: /usr/bin/
PATH: /usr/local/bin
PATH: /usr/sbin
PATH: /sbin
PATH: /bin
PATH: /usr/games
PATH: /home/gstorbeck/scripts
PATH: /home/gstorbeck/.rvm/bin


## ----------- ##
## Core tests. ##
## ----------- ##

configure:2269: checking for a BSD-compatible install
configure:2337: result: /usr/bin//install -c
configure:2348: checking whether build environment is sane
configure:2398: result: yes
configure:2539: checking for a thread-safe mkdir -p
configure:2578: result: /bin/mkdir -p
configure:2591: checking for gawk
configure:2607: found /usr/bin//gawk
configure:2618: result: gawk
configure:2629: checking whether make sets $(MAKE)
configure:2651: result: yes
configure:2733: checking whether NLS is requested
configure:2742: result: yes
configure:2780: checking for msgfmt
configure: trying /usr/bin//msgfmt...
0 translated messages.
configure:2812: result: /usr/bin//msgfmt
configure:2821: checking for gmsgfmt
configure:2852: result: /usr/bin//msgfmt
configure:2903: checking for xgettext
configure: trying /usr/bin//xgettext...
/usr/bin//xgettext: warning: file `/dev/null' extension `' is unknown; will try C
configure:2935: result: /usr/bin//xgettext
configure:2981: checking for msgmerge
configure: trying /usr/bin//msgmerge...
configure:3012: result: /usr/bin//msgmerge
configure:3054: checking for style of include used by make
configure:3082: result: GNU
configure:3152: checking for gcc
configure:3168: found /usr/bin//gcc
configure:3179: result: gcc
configure:3408: checking for C compiler version
configure:3417: gcc --version >&5
gcc (GCC) 4.7.0 20120505 (prerelease)
Copyright (C) 2012 Free Software Foundation, Inc.
This is free software; see the source for copying conditions.  There is NO
warranty; not even for MERCHANTABILITY or FITNESS FOR A PARTICULAR PURPOSE.

configure:3428: $? = 0
configure:3417: gcc -v >&5
Using built-in specs.
COLLECT_GCC=gcc
COLLECT_LTO_WRAPPER=/usr/lib/gcc/i686-pc-linux-gnu/4.7.0/lto-wrapper
Target: i686-pc-linux-gnu
Configured with: /build/src/gcc-4.7-20120505/configure --prefix=/usr --libdir=/usr/lib --libexecdir=/usr/lib --mandir=/usr/share/man --infodir=/usr/share/info --with-bugurl=https://bugs.archlinux.org/ --enable-languages=c,c++,ada,fortran,go,lto,objc,obj-c++ --enable-shared --enable-threads=posix --with-system-zlib --enable-__cxa_atexit --disable-libunwind-exceptions --enable-clocale=gnu --disable-libstdcxx-pch --enable-libstdcxx-time --enable-gnu-unique-object --enable-linker-build-id --with-ppl --enable-cloog-backend=isl --enable-lto --enable-gold --enable-ld=default --enable-plugin --with-plugin-ld=ld.gold --with-linker-hash-style=gnu --disable-multilib --disable-libssp --disable-build-with-cxx --disable-build-poststage1-with-cxx --enable-checking=release
Thread model: posix
gcc version 4.7.0 20120505 (prerelease) (GCC) 
configure:3428: $? = 0
configure:3417: gcc -V >&5
gcc: error: unrecognized command line option '-V'
gcc: fatal error: no input files
compilation terminated.
configure:3428: $? = 1
configure:3417: gcc -qversion >&5
gcc: error: unrecognized command line option '-qversion'
gcc: fatal error: no input files
compilation terminated.
configure:3428: $? = 1
configure:3448: checking whether the C compiler works
configure:3470: gcc    conftest.c  >&5
configure:3474: $? = 0
configure:3522: result: yes
configure:3525: checking for C compiler default output file name
configure:3527: result: a.out
configure:3533: checking for suffix of executables
configure:3540: gcc -o conftest    conftest.c  >&5
configure:3544: $? = 0
configure:3566: result: 
configure:3588: checking whether we are cross compiling
configure:3596: gcc -o conftest    conftest.c  >&5
configure:3600: $? = 0
configure:3607: ./conftest
configure:3611: $? = 0
configure:3626: result: no
configure:3631: checking for suffix of object files
configure:3653: gcc -c   conftest.c >&5
configure:3657: $? = 0
configure:3678: result: o
configure:3682: checking whether we are using the GNU C compiler
configure:3701: gcc -c   conftest.c >&5
configure:3701: $? = 0
configure:3710: result: yes
configure:3719: checking whether gcc accepts -g
configure:3739: gcc -c -g  conftest.c >&5
configure:3739: $? = 0
configure:3780: result: yes
configure:3797: checking for gcc option to accept ISO C89
configure:3861: gcc  -c -g -O2  conftest.c >&5
configure:3861: $? = 0
configure:3874: result: none needed
configure:3896: checking dependency style of gcc
configure:4006: result: gcc3
configure:4025: checking build system type
configure:4039: result: i686-pc-linux-gnu
configure:4059: checking host system type
configure:4072: result: i686-pc-linux-gnu
configure:4116: checking for ld used by GCC
configure:4180: result: /usr/bin//ld
configure:4187: checking if the linker (/usr/bin//ld) is GNU ld
configure:4200: result: yes
configure:4207: checking for shared library run path origin
configure:4220: result: done
configure:4657: checking for CFPreferencesCopyAppValue
configure:4675: gcc -o conftest -g -O2   conftest.c  -Wl,-framework -Wl,CoreFoundation >&5
conftest.c:11:42: fatal error: CoreFoundation/CFPreferences.h: No such file or directory
compilation terminated.
configure:4675: $? = 1
configure: failed program was:
| /* confdefs.h */
| #define PACKAGE_NAME ""
| #define PACKAGE_TARNAME ""
| #define PACKAGE_VERSION ""
| #define PACKAGE_STRING ""
| #define PACKAGE_BUGREPORT ""
| #define PACKAGE_URL ""
| #define PACKAGE "alsa-utils"
| #define VERSION "1.0.25"
| /* end confdefs.h.  */
| #include <CoreFoundation/CFPreferences.h>
| int
| main ()
| {
| CFPreferencesCopyAppValue(NULL, NULL)
|   ;
|   return 0;
| }
configure:4684: result: no
configure:4691: checking for CFLocaleCopyCurrent
configure:4709: gcc -o conftest -g -O2   conftest.c  -Wl,-framework -Wl,CoreFoundation >&5
conftest.c:11:37: fatal error: CoreFoundation/CFLocale.h: No such file or directory
compilation terminated.
configure:4709: $? = 1
configure: failed program was:
| /* confdefs.h */
| #define PACKAGE_NAME ""
| #define PACKAGE_TARNAME ""
| #define PACKAGE_VERSION ""
| #define PACKAGE_STRING ""
| #define PACKAGE_BUGREPORT ""
| #define PACKAGE_URL ""
| #define PACKAGE "alsa-utils"
| #define VERSION "1.0.25"
| /* end confdefs.h.  */
| #include <CoreFoundation/CFLocale.h>
| int
| main ()
| {
| CFLocaleCopyCurrent();
|   ;
|   return 0;
| }
configure:4718: result: no
configure:4747: checking for GNU gettext in libc
configure:4766: gcc -o conftest -g -O2   conftest.c  >&5
configure:4766: $? = 0
configure:4774: result: yes
configure:5363: checking whether to use NLS
configure:5365: result: yes
configure:5368: checking where the gettext function comes from
configure:5379: result: libc
configure:5441: checking for cross-compiler
configure:5450: result: gcc
configure:5502: checking for gcc
configure:5529: result: gcc
configure:5758: checking for C compiler version
configure:5767: gcc --version >&5
gcc (GCC) 4.7.0 20120505 (prerelease)
Copyright (C) 2012 Free Software Foundation, Inc.
This is free software; see the source for copying conditions.  There is NO
warranty; not even for MERCHANTABILITY or FITNESS FOR A PARTICULAR PURPOSE.

configure:5778: $? = 0
configure:5767: gcc -v >&5
Using built-in specs.
COLLECT_GCC=gcc
COLLECT_LTO_WRAPPER=/usr/lib/gcc/i686-pc-linux-gnu/4.7.0/lto-wrapper
Target: i686-pc-linux-gnu
Configured with: /build/src/gcc-4.7-20120505/configure --prefix=/usr --libdir=/usr/lib --libexecdir=/usr/lib --mandir=/usr/share/man --infodir=/usr/share/info --with-bugurl=https://bugs.archlinux.org/ --enable-languages=c,c++,ada,fortran,go,lto,objc,obj-c++ --enable-shared --enable-threads=posix --with-system-zlib --enable-__cxa_atexit --disable-libunwind-exceptions --enable-clocale=gnu --disable-libstdcxx-pch --enable-libstdcxx-time --enable-gnu-unique-object --enable-linker-build-id --with-ppl --enable-cloog-backend=isl --enable-lto --enable-gold --enable-ld=default --enable-plugin --with-plugin-ld=ld.gold --with-linker-hash-style=gnu --disable-multilib --disable-libssp --disable-build-with-cxx --disable-build-poststage1-with-cxx --enable-checking=release
Thread model: posix
gcc version 4.7.0 20120505 (prerelease) (GCC) 
configure:5778: $? = 0
configure:5767: gcc -V >&5
gcc: error: unrecognized command line option '-V'
gcc: fatal error: no input files
compilation terminated.
configure:5778: $? = 1
configure:5767: gcc -qversion >&5
gcc: error: unrecognized command line option '-qversion'
gcc: fatal error: no input files
compilation terminated.
configure:5778: $? = 1
configure:5782: checking whether we are using the GNU C compiler
configure:5810: result: yes
configure:5819: checking whether gcc accepts -g
configure:5880: result: yes
configure:5897: checking for gcc option to accept ISO C89
configure:5974: result: none needed
configure:5996: checking dependency style of gcc
configure:6106: result: gcc3
configure:6123: checking whether ln -s works
configure:6127: result: yes
configure:6134: checking for a sed that does not truncate output
configure:6198: result: /bin/sed
configure:6234: checking for ALSA CFLAGS
configure:6240: result: 
configure:6243: checking for ALSA LDFLAGS
configure:6252: result:  -lasound -lm -ldl -lpthread
configure:6256: checking for libasound headers version >= 1.0.24
configure:6318: gcc -c -g -O2  conftest.c >&5
configure:6318: $? = 0
configure:6319: result: found.
configure:6337: checking for snd_ctl_open in -lasound
configure:6362: gcc -o conftest -g -O2   conftest.c -lasound   -lasound -lm -ldl -lpthread  >&5
configure:6362: $? = 0
configure:6371: result: yes
configure:6406: checking for snd_ctl_elem_add_enumerated
configure:6406: gcc -o conftest -g -O2   conftest.c -lasound -lm -ldl -lpthread >&5
configure:6406: $? = 0
configure:6406: result: yes
configure:6416: checking for alsa/pcm.h
configure:6416: gcc -c -g -O2  conftest.c >&5
configure:6416: $? = 0
configure:6416: result: yes
configure:6431: checking for alsa/mixer.h
configure:6431: gcc -c -g -O2  conftest.c >&5
configure:6431: $? = 0
configure:6431: result: yes
configure:6446: checking for alsa/rawmidi.h
configure:6446: gcc -c -g -O2  conftest.c >&5
configure:6446: $? = 0
configure:6446: result: yes
configure:6461: checking for alsa/seq.h
configure:6461: gcc -c -g -O2  conftest.c >&5
configure:6461: $? = 0
configure:6461: result: yes
configure:6476: checking for samplerate.h
configure:6476: gcc -c -g -O2  conftest.c >&5
configure:6476: $? = 0
configure:6476: result: yes
configure:6532: checking for librt
configure:6543: checking for clock_gettime in -lrt
configure:6568: gcc -o conftest -g -O2   conftest.c -lrt  -lasound -lm -ldl -lpthread >&5
configure:6568: $? = 0
configure:6577: result: yes
configure:6674: checking for xmlto
configure:6701: result: yes
configure:6734: checking how to run the C preprocessor
configure:6765: gcc -E  conftest.c
configure:6765: $? = 0
configure:6779: gcc -E  conftest.c
conftest.c:22:28: fatal error: ac_nonexistent.h: No such file or directory
compilation terminated.
configure:6779: $? = 1
configure: failed program was:
| /* confdefs.h */
| #define PACKAGE_NAME ""
| #define PACKAGE_TARNAME ""
| #define PACKAGE_VERSION ""
| #define PACKAGE_STRING ""
| #define PACKAGE_BUGREPORT ""
| #define PACKAGE_URL ""
| #define PACKAGE "alsa-utils"
| #define VERSION "1.0.25"
| #define ENABLE_NLS 1
| #define HAVE_GETTEXT 1
| #define HAVE_DCGETTEXT 1
| #define HAVE_LIBASOUND 1
| #define HAVE_ALSA_PCM_H 1
| #define HAVE_ALSA_MIXER_H 1
| #define HAVE_ALSA_RAWMIDI_H 1
| #define HAVE_ALSA_SEQ_H 1
| #define HAVE_SAMPLERATE_H 1
| #define HAVE_LIBRT 1
| #define HAVE_CLOCK_GETTIME 1
| /* end confdefs.h.  */
| #include <ac_nonexistent.h>
configure:6804: result: gcc -E
configure:6824: gcc -E  conftest.c
configure:6824: $? = 0
configure:6838: gcc -E  conftest.c
conftest.c:22:28: fatal error: ac_nonexistent.h: No such file or directory
compilation terminated.
configure:6838: $? = 1
configure: failed program was:
| /* confdefs.h */
| #define PACKAGE_NAME ""
| #define PACKAGE_TARNAME ""
| #define PACKAGE_VERSION ""
| #define PACKAGE_STRING ""
| #define PACKAGE_BUGREPORT ""
| #define PACKAGE_URL ""
| #define PACKAGE "alsa-utils"
| #define VERSION "1.0.25"
| #define ENABLE_NLS 1
| #define HAVE_GETTEXT 1
| #define HAVE_DCGETTEXT 1
| #define HAVE_LIBASOUND 1
| #define HAVE_ALSA_PCM_H 1
| #define HAVE_ALSA_MIXER_H 1
| #define HAVE_ALSA_RAWMIDI_H 1
| #define HAVE_ALSA_SEQ_H 1
| #define HAVE_SAMPLERATE_H 1
| #define HAVE_LIBRT 1
| #define HAVE_CLOCK_GETTIME 1
| /* end confdefs.h.  */
| #include <ac_nonexistent.h>
configure:6867: checking for grep that handles long lines and -e
configure:6925: result: /usr/bin//grep
configure:6930: checking for egrep
configure:6992: result: /usr/bin//grep -E
configure:6997: checking for ANSI C header files
configure:7017: gcc -c -g -O2  conftest.c >&5
configure:7017: $? = 0
configure:7090: gcc -o conftest -g -O2   conftest.c -lasound -lm -ldl -lpthread >&5
configure:7090: $? = 0
configure:7090: ./conftest
configure:7090: $? = 0
configure:7101: result: yes
configure:7124: checking for ncursesw5-config
configure:7140: found /usr/bin//ncursesw5-config
configure:7151: result: yes
configure:7345: checking for curses library
configure:7347: result: ncursesw
configure:7349: checking for curses header name
configure:7351: result: <ncurses.h>
configure:7353: checking for curses compiler flags
configure:7355: result: 
configure:7384: gcc -o conftest -g -O2    -L/usr/lib conftest.c -lncursesw -lasound -lm -ldl -lpthread >&5
configure:7384: $? = 0
configure:7396: checking for curses NLS support
configure:7423: result: yes
configure:7437: checking for sys/types.h
configure:7437: gcc -c -g -O2   conftest.c >&5
configure:7437: $? = 0
configure:7437: result: yes
configure:7437: checking for sys/stat.h
configure:7437: gcc -c -g -O2   conftest.c >&5
configure:7437: $? = 0
configure:7437: result: yes
configure:7437: checking for stdlib.h
configure:7437: gcc -c -g -O2   conftest.c >&5
configure:7437: $? = 0
configure:7437: result: yes
configure:7437: checking for string.h
configure:7437: gcc -c -g -O2   conftest.c >&5
configure:7437: $? = 0
configure:7437: result: yes
configure:7437: checking for memory.h
configure:7437: gcc -c -g -O2   conftest.c >&5
configure:7437: $? = 0
configure:7437: result: yes
configure:7437: checking for strings.h
configure:7437: gcc -c -g -O2   conftest.c >&5
configure:7437: $? = 0
configure:7437: result: yes
configure:7437: checking for inttypes.h
configure:7437: gcc -c -g -O2   conftest.c >&5
configure:7437: $? = 0
configure:7437: result: yes
configure:7437: checking for stdint.h
configure:7437: gcc -c -g -O2   conftest.c >&5
configure:7437: $? = 0
configure:7437: result: yes
configure:7437: checking for unistd.h
configure:7437: gcc -c -g -O2   conftest.c >&5
configure:7437: $? = 0
configure:7437: result: yes
configure:7452: checking panel.h usability
configure:7452: gcc -c -g -O2   conftest.c >&5
configure:7452: $? = 0
configure:7452: result: yes
configure:7452: checking panel.h presence
configure:7452: gcc -E  conftest.c
configure:7452: $? = 0
configure:7452: result: yes
configure:7452: checking for panel.h
configure:7452: result: yes
configure:7452: checking menu.h usability
configure:7452: gcc -c -g -O2   conftest.c >&5
configure:7452: $? = 0
configure:7452: result: yes
configure:7452: checking menu.h presence
configure:7452: gcc -E  conftest.c
configure:7452: $? = 0
configure:7452: result: yes
configure:7452: checking for menu.h
configure:7452: result: yes
configure:7452: checking form.h usability
configure:7452: gcc -c -g -O2   conftest.c >&5
configure:7452: $? = 0
configure:7452: result: yes
configure:7452: checking form.h presence
configure:7452: gcc -E  conftest.c
configure:7452: $? = 0
configure:7452: result: yes
configure:7452: checking for form.h
configure:7452: result: yes
configure:7465: checking for new_panel in -lpanelw
configure:7490: gcc -o conftest -g -O2    -L/usr/lib conftest.c -lpanelw  -lncursesw -lasound -lm -ldl -lpthread >&5
configure:7490: $? = 0
configure:7500: result: yes
configure:7509: checking for new_menu in -lmenuw
configure:7534: gcc -o conftest -g -O2    -L/usr/lib conftest.c -lmenuw  -lncursesw -lasound -lm -ldl -lpthread >&5
configure:7534: $? = 0
configure:7544: result: yes
configure:7553: checking for new_form in -lformw
configure:7578: gcc -o conftest -g -O2    -L/usr/lib conftest.c -lformw  -lncursesw -lasound -lm -ldl -lpthread >&5
configure:7578: $? = 0
configure:7588: result: yes
configure:7605: checking for curses linker flags
configure:7607: result: -L/usr/lib -lformw -lmenuw -lpanelw -lncursesw
configure:7650: checking for an ANSI C-conforming const
configure:7715: gcc -c -g -O2  conftest.c >&5
configure:7715: $? = 0
configure:7722: result: yes
configure:7730: checking for inline
configure:7746: gcc -c -g -O2  conftest.c >&5
configure:7746: $? = 0
configure:7754: result: inline
configure:7772: checking whether time.h and sys/time.h may both be included
configure:7792: gcc -c -g -O2  conftest.c >&5
configure:7792: $? = 0
configure:7799: result: yes
configure:7809: checking whether gcc needs -traditional
configure:7843: result: no
configure:7858: checking for special C compiler options needed for large files
configure:7903: result: no
configure:7909: checking for _FILE_OFFSET_BITS value needed for large files
configure:7934: gcc -c -g -O2  conftest.c >&5
conftest.c:46:3: warning: left shift count >= width of type [enabled by default]
conftest.c:46:3: warning: left shift count >= width of type [enabled by default]
conftest.c:47:10: warning: left shift count >= width of type [enabled by default]
conftest.c:47:10: warning: left shift count >= width of type [enabled by default]
conftest.c:46:7: error: size of array 'off_t_is_large' is negative
conftest.c:48:9: warning: variably modified 'off_t_is_large' at file scope [enabled by default]
configure:7934: $? = 1
configure: failed program was:
| /* confdefs.h */
| #define PACKAGE_NAME ""
| #define PACKAGE_TARNAME ""
| #define PACKAGE_VERSION ""
| #define PACKAGE_STRING ""
| #define PACKAGE_BUGREPORT ""
| #define PACKAGE_URL ""
| #define PACKAGE "alsa-utils"
| #define VERSION "1.0.25"
| #define ENABLE_NLS 1
| #define HAVE_GETTEXT 1
| #define HAVE_DCGETTEXT 1
| #define HAVE_LIBASOUND 1
| #define HAVE_ALSA_PCM_H 1
| #define HAVE_ALSA_MIXER_H 1
| #define HAVE_ALSA_RAWMIDI_H 1
| #define HAVE_ALSA_SEQ_H 1
| #define HAVE_SAMPLERATE_H 1
| #define HAVE_LIBRT 1
| #define HAVE_CLOCK_GETTIME 1
| #define STDC_HEADERS 1
| #define HAVE_CURSES_ESCDELAY 1
| #define ENABLE_NLS_IN_CURSES 1
| #define HAVE_SYS_TYPES_H 1
| #define HAVE_SYS_STAT_H 1
| #define HAVE_STDLIB_H 1
| #define HAVE_STRING_H 1
| #define HAVE_MEMORY_H 1
| #define HAVE_STRINGS_H 1
| #define HAVE_INTTYPES_H 1
| #define HAVE_STDINT_H 1
| #define HAVE_UNISTD_H 1
| #define HAVE_PANEL_H 1
| #define HAVE_MENU_H 1
| #define HAVE_FORM_H 1
| #define SOUNDSDIR "/usr/share/sounds/alsa"
| #define DATADIR "/usr/share/alsa"
| #define TIME_WITH_SYS_TIME 1
| /* end confdefs.h.  */
| #include <sys/types.h>
|  /* Check that off_t can represent 2**63 - 1 correctly.
|     We can't simply define LARGE_OFF_T to be 9223372036854775807,
|     since some C++ compilers masquerading as C compilers
|     incorrectly reject 9223372036854775807.  */
| #define LARGE_OFF_T (((off_t) 1 << 62) - 1 + ((off_t) 1 << 62))
|   int off_t_is_large[(LARGE_OFF_T % 2147483629 == 721
| 		       && LARGE_OFF_T % 2147483647 == 1)
| 		      ? 1 : -1];
| int
| main ()
| {
| 
|   ;
|   return 0;
| }
configure:7958: gcc -c -g -O2  conftest.c >&5
configure:7958: $? = 0
configure:7966: result: 64
configure:8118: checking for pkg-config
configure:8136: found /usr/bin//pkg-config
configure:8148: result: /usr/bin//pkg-config
configure:8173: checking pkg-config is at least version 0.9.0
configure:8176: result: yes
configure:8392: creating ./config.status

## ---------------------- ##
## Running config.status. ##
## ---------------------- ##

This file was extended by config.status, which was
generated by GNU Autoconf 2.68.  Invocation command line was

  CONFIG_FILES    = 
  CONFIG_HEADERS  = 
  CONFIG_LINKS    = 
  CONFIG_COMMANDS = 
  $ ./config.status 

on localhost

config.status:975: creating Makefile
config.status:975: creating alsactl/Makefile
config.status:975: creating alsactl/init/Makefile
config.status:975: creating alsamixer/Makefile
config.status:975: creating amidi/Makefile
config.status:975: creating amixer/Makefile
config.status:975: creating m4/Makefile
config.status:975: creating po/Makefile.in
config.status:975: creating alsaconf/alsaconf
config.status:975: creating alsaconf/Makefile
config.status:975: creating alsaconf/po/Makefile
config.status:1083: WARNING:  'alsaconf/po/Makefile.in' seems to ignore the --datarootdir setting
config.status:975: creating alsaucm/Makefile
config.status:975: creating aplay/Makefile
config.status:975: creating include/Makefile
config.status:975: creating iecset/Makefile
config.status:975: creating utils/Makefile
config.status:975: creating utils/alsa-utils.spec
config.status:975: creating seq/Makefile
config.status:975: creating seq/aconnect/Makefile
config.status:975: creating seq/aplaymidi/Makefile
config.status:975: creating seq/aseqdump/Makefile
config.status:975: creating seq/aseqnet/Makefile
config.status:975: creating speaker-test/Makefile
config.status:975: creating speaker-test/samples/Makefile
config.status:975: creating alsaloop/Makefile
config.status:975: creating include/aconfig.h
config.status:1204: executing po-directories commands
config.status:1204: executing depfiles commands

## ---------------- ##
## Cache variables. ##
## ---------------- ##

ac_cv_build=i686-pc-linux-gnu
ac_cv_c_compiler_gnu=yes
ac_cv_c_const=yes
ac_cv_c_inline=inline
ac_cv_env_CC_set=
ac_cv_env_CC_value=
ac_cv_env_CFLAGS_set=
ac_cv_env_CFLAGS_value=
ac_cv_env_CPPFLAGS_set=
ac_cv_env_CPPFLAGS_value=
ac_cv_env_CPP_set=
ac_cv_env_CPP_value=
ac_cv_env_LDFLAGS_set=
ac_cv_env_LDFLAGS_value=
ac_cv_env_LIBS_set=
ac_cv_env_LIBS_value=
ac_cv_env_PKG_CONFIG_set=
ac_cv_env_PKG_CONFIG_value=
ac_cv_env_build_alias_set=
ac_cv_env_build_alias_value=
ac_cv_env_host_alias_set=
ac_cv_env_host_alias_value=
ac_cv_env_target_alias_set=
ac_cv_env_target_alias_value=
ac_cv_func_snd_ctl_elem_add_enumerated=yes
ac_cv_header_alsa_mixer_h=yes
ac_cv_header_alsa_pcm_h=yes
ac_cv_header_alsa_rawmidi_h=yes
ac_cv_header_alsa_seq_h=yes
ac_cv_header_form_h=yes
ac_cv_header_inttypes_h=yes
ac_cv_header_memory_h=yes
ac_cv_header_menu_h=yes
ac_cv_header_panel_h=yes
ac_cv_header_samplerate_h=yes
ac_cv_header_stdc=yes
ac_cv_header_stdint_h=yes
ac_cv_header_stdlib_h=yes
ac_cv_header_string_h=yes
ac_cv_header_strings_h=yes
ac_cv_header_sys_stat_h=yes
ac_cv_header_sys_types_h=yes
ac_cv_header_time=yes
ac_cv_header_unistd_h=yes
ac_cv_host=i686-pc-linux-gnu
ac_cv_lib_asound_snd_ctl_open=yes
ac_cv_lib_formw___new_form=yes
ac_cv_lib_menuw___new_menu=yes
ac_cv_lib_panelw___new_panel=yes
ac_cv_lib_rt_clock_gettime=yes
ac_cv_objext=o
ac_cv_path_EGREP='/usr/bin//grep -E'
ac_cv_path_GMSGFMT=/usr/bin//msgfmt
ac_cv_path_GREP=/usr/bin//grep
ac_cv_path_MSGFMT=/usr/bin//msgfmt
ac_cv_path_MSGMERGE=/usr/bin//msgmerge
ac_cv_path_SED=/bin/sed
ac_cv_path_XGETTEXT=/usr/bin//xgettext
ac_cv_path_ac_pt_PKG_CONFIG=/usr/bin//pkg-config
ac_cv_path_install='/usr/bin//install -c'
ac_cv_path_mkdir=/bin/mkdir
ac_cv_prog_AWK=gawk
ac_cv_prog_CPP='gcc -E'
ac_cv_prog_ac_ct_CC=gcc
ac_cv_prog_cc_c89=
ac_cv_prog_cc_g=yes
ac_cv_prog_gcc_traditional=no
ac_cv_prog_make_make_set=yes
ac_cv_prog_ncursesw5_config=yes
ac_cv_prog_xmlto=yes
ac_cv_sys_file_offset_bits=64
ac_cv_sys_largefile_CC=no
acl_cv_hardcode_direct=no
acl_cv_hardcode_libdir_flag_spec='${wl}-rpath ${wl}$libdir'
acl_cv_hardcode_libdir_separator=
acl_cv_hardcode_minus_L=no
acl_cv_libext=a
acl_cv_path_LD=/usr/bin//ld
acl_cv_prog_gnu_ld=yes
acl_cv_rpath=done
acl_cv_shlibext=so
acl_cv_wl=-Wl,
am_cv_CC_dependencies_compiler_type=gcc3
gt_cv_func_CFLocaleCopyCurrent=no
gt_cv_func_CFPreferencesCopyAppValue=no
gt_cv_func_gnugettext1_libc=yes

## ----------------- ##
## Output variables. ##
## ----------------- ##

ACLOCAL='${SHELL} /home/gstorbeck/pkgs/alsa-utils/alsa-utils-1.0.25.new/missing --run aclocal-1.11'
ALSACONF_FALSE='#'
ALSACONF_TRUE=''
ALSALOOP_FALSE='#'
ALSALOOP_TRUE=''
ALSAMIXER_FALSE='#'
ALSAMIXER_TRUE=''
ALSA_CFLAGS=''
ALSA_LIBS=' -lasound -lm -ldl -lpthread'
AMDEPBACKSLASH='\'
AMDEP_FALSE='#'
AMDEP_TRUE=''
AMTAR='${SHELL} /home/gstorbeck/pkgs/alsa-utils/alsa-utils-1.0.25.new/missing --run tar'
ASOUND_STATE_DIR='/var/lib/alsa'
AUTOCONF='${SHELL} /home/gstorbeck/pkgs/alsa-utils/alsa-utils-1.0.25.new/missing --run autoconf'
AUTOHEADER='${SHELL} /home/gstorbeck/pkgs/alsa-utils/alsa-utils-1.0.25.new/missing --run autoheader'
AUTOMAKE='${SHELL} /home/gstorbeck/pkgs/alsa-utils/alsa-utils-1.0.25.new/missing --run automake-1.11'
AWK='gawk'
CC='gcc'
CCDEPMODE='depmode=gcc3'
CFLAGS='-g -O2'
CPP='gcc -E'
CPPFLAGS=''
CURSESINC='<ncurses.h>'
CURSESLIB='-L/usr/lib -lformw -lmenuw -lpanelw -lncursesw'
CURSES_CFLAGS=''
CYGPATH_W='echo'
DEFS='-DHAVE_CONFIG_H'
DEPDIR='.deps'
ECHO_C=''
ECHO_N='-n'
ECHO_T=''
EGREP='/usr/bin//grep -E'
EXEEXT=''
GMSGFMT='/usr/bin//msgfmt'
GMSGFMT_015='/usr/bin//msgfmt'
GREP='/usr/bin//grep'
HAVE_MIXER_FALSE='#'
HAVE_MIXER_TRUE=''
HAVE_PCM_FALSE='#'
HAVE_PCM_TRUE=''
HAVE_RAWMIDI_FALSE='#'
HAVE_RAWMIDI_TRUE=''
HAVE_SAMPLERATE_FALSE='#'
HAVE_SAMPLERATE_TRUE=''
HAVE_SEQ_FALSE='#'
HAVE_SEQ_TRUE=''
HAVE_SYSTEMD_FALSE=''
HAVE_SYSTEMD_TRUE='#'
INSTALL_DATA='${INSTALL} -m 644'
INSTALL_PROGRAM='${INSTALL}'
INSTALL_SCRIPT='${INSTALL}'
INSTALL_STRIP_PROGRAM='$(install_sh) -c -s'
INTLLIBS=''
INTL_MACOSX_LIBS=''
LDFLAGS=''
LIBICONV='-liconv'
LIBINTL=''
LIBOBJS=''
LIBRT='-lrt'
LIBS='-lasound -lm -ldl -lpthread'
LN_S='ln -s'
LTLIBICONV='-liconv'
LTLIBINTL=''
LTLIBOBJS=''
MAKEINFO='${SHELL} /home/gstorbeck/pkgs/alsa-utils/alsa-utils-1.0.25.new/missing --run makeinfo'
MKDIR_P='/bin/mkdir -p'
MSGFMT='/usr/bin//msgfmt'
MSGFMT_015='/usr/bin//msgfmt'
MSGMERGE='/usr/bin//msgmerge'
OBJEXT='o'
PACKAGE='alsa-utils'
PACKAGE_BUGREPORT=''
PACKAGE_NAME=''
PACKAGE_STRING=''
PACKAGE_TARNAME=''
PACKAGE_URL=''
PACKAGE_VERSION=''
PATH_SEPARATOR=':'
PKG_CONFIG='/usr/bin//pkg-config'
POSUB='po'
SED='/bin/sed'
SET_MAKE=''
SHELL='/bin/sh'
SND_UTIL_MAJOR='1'
SND_UTIL_MINOR='0'
SND_UTIL_SUBMINOR='25'
SND_UTIL_VERSION='1.0.25'
STRIP=''
TESTSOUND='/usr/share/test.wav'
USE_NLS='yes'
USE_XMLTO_FALSE='#'
USE_XMLTO_TRUE=''
VERSION='1.0.25'
XGETTEXT='/usr/bin//xgettext'
XGETTEXT_015='/usr/bin//xgettext'
ac_ct_CC='gcc'
am__EXEEXT_FALSE=''
am__EXEEXT_TRUE='#'
am__fastdepCC_FALSE='#'
am__fastdepCC_TRUE=''
am__include='include'
am__isrc=''
am__leading_dot='.'
am__quote=''
am__tar='${AMTAR} chof - "$$tardir"'
am__untar='${AMTAR} xf -'
bindir='${exec_prefix}/bin'
build='i686-pc-linux-gnu'
build_alias=''
build_cpu='i686'
build_os='linux-gnu'
build_vendor='pc'
datadir='${datarootdir}'
datarootdir='${prefix}/share'
docdir='${datarootdir}/doc/${PACKAGE}'
dvidir='${docdir}'
exec_prefix='${prefix}'
host='i686-pc-linux-gnu'
host_alias=''
host_cpu='i686'
host_os='linux-gnu'
host_vendor='pc'
htmldir='${docdir}'
includedir='${prefix}/include'
infodir='${datarootdir}/info'
install_sh='${SHELL} /home/gstorbeck/pkgs/alsa-utils/alsa-utils-1.0.25.new/install-sh'
libdir='${exec_prefix}/lib'
libexecdir='${exec_prefix}/libexec'
localedir='${datarootdir}/locale'
localstatedir='${prefix}/var'
mandir='${datarootdir}/man'
mkdir_p='/bin/mkdir -p'
ncurses5_config=''
ncursesw5_config='yes'
oldincludedir='/usr/include'
pdfdir='${docdir}'
prefix='/usr'
program_transform_name='s,x,x,'
psdir='${docdir}'
sbindir='${exec_prefix}/sbin'
sharedstatedir='${prefix}/com'
sysconfdir='${prefix}/etc'
systemdsystemunitdir=''
target_alias=''
udevrulesdir='/lib/udev/rules.d'
xmlto='yes'

## ----------- ##
## confdefs.h. ##
## ----------- ##

/* confdefs.h */
#define PACKAGE_NAME ""
#define PACKAGE_TARNAME ""
#define PACKAGE_VERSION ""
#define PACKAGE_STRING ""
#define PACKAGE_BUGREPORT ""
#define PACKAGE_URL ""
#define PACKAGE "alsa-utils"
#define VERSION "1.0.25"
#define ENABLE_NLS 1
#define HAVE_GETTEXT 1
#define HAVE_DCGETTEXT 1
#define HAVE_LIBASOUND 1
#define HAVE_ALSA_PCM_H 1
#define HAVE_ALSA_MIXER_H 1
#define HAVE_ALSA_RAWMIDI_H 1
#define HAVE_ALSA_SEQ_H 1
#define HAVE_SAMPLERATE_H 1
#define HAVE_LIBRT 1
#define HAVE_CLOCK_GETTIME 1
#define STDC_HEADERS 1
#define HAVE_CURSES_ESCDELAY 1
#define ENABLE_NLS_IN_CURSES 1
#define HAVE_SYS_TYPES_H 1
#define HAVE_SYS_STAT_H 1
#define HAVE_STDLIB_H 1
#define HAVE_STRING_H 1
#define HAVE_MEMORY_H 1
#define HAVE_STRINGS_H 1
#define HAVE_INTTYPES_H 1
#define HAVE_STDINT_H 1
#define HAVE_UNISTD_H 1
#define HAVE_PANEL_H 1
#define HAVE_MENU_H 1
#define HAVE_FORM_H 1
#define SOUNDSDIR "/usr/share/sounds/alsa"
#define DATADIR "/usr/share/alsa"
#define TIME_WITH_SYS_TIME 1
#define _FILE_OFFSET_BITS 64
#define VERSION "1.0.25"

configure: exit 0
